<?xml version="1.0" encoding="UTF-8"?>
<!-- Generated by org.testng.reporters.JUnitReportReporter -->
<testsuite hostname="DESKTOP-NAICKHQ" name="testCaseOne.RegisterUser" tests="12" failures="0" timestamp="24 Aug 2020 13:49:26 GMT" time="61.696" errors="0">
  <testcase name="verifyRegistration" time="0.034" classname="testCaseOne.RegisterUser"/>
  <testcase name="verifyShoppingCartDetails" time="3.040" classname="testCaseOne.RegisterUser"/>
  <testcase name="verifyloginWithSameCredential" time="4.815" classname="testCaseOne.RegisterUser"/>
  <testcase name="clickonOrders" time="5.426" classname="testCaseOne.RegisterUser"/>
  <testcase name="fillTheForm" time="16.645" classname="testCaseOne.RegisterUser"/>
  <testcase name="register" time="5.940" classname="testCaseOne.RegisterUser"/>
  <testcase name="verifyOrdersDetails" time="4.114" classname="testCaseOne.RegisterUser"/>
  <testcase name="verifyLoginEmailId" time="0.157" classname="testCaseOne.RegisterUser"/>
  <testcase name="logoutAfterRegistration" time="5.823" classname="testCaseOne.RegisterUser"/>
  <testcase name="addnew" time="5.294" classname="testCaseOne.RegisterUser"/>
  <testcase name="leftClickOnAddress" time="4.191" classname="testCaseOne.RegisterUser"/>
  <testcase name="clickOnEmail" time="6.217" classname="testCaseOne.RegisterUser"/>
</testsuite> <!-- testCaseOne.RegisterUser -->
