<?xml version="1.0" encoding="UTF-8"?>
<!-- Generated by org.testng.reporters.JUnitReportReporter -->
<testsuite hostname="DESKTOP-NAICKHQ" name="testSuitThree.VerifyTheFooterLinks" tests="2" failures="0" timestamp="2 Sep 2020 09:25:45 GMT" time="104.946" errors="0">
  <testcase name="openApplication" time="104.941" classname="testSuitThree.VerifyTheFooterLinks"/>
  <testcase name="verifyLinkActive" time="0.005" classname="testSuitThree.VerifyTheFooterLinks"/>
</testsuite> <!-- testSuitThree.VerifyTheFooterLinks -->
