<?xml version="1.0" encoding="UTF-8"?>
<!-- Generated by org.testng.reporters.JUnitReportReporter -->
<testsuite hostname="DESKTOP-NAICKHQ" name="testSuitTwo.MakeNewOrders" tests="13" failures="0" timestamp="2 Sep 2020 09:28:19 GMT" time="57.612" errors="0">
  <testcase name="addBookToCart" time="10.408" classname="testSuitTwo.MakeNewOrders"/>
  <testcase name="VerifySortBooks" time="5.640" classname="testSuitTwo.MakeNewOrders"/>
  <testcase name="verifySecondBookcartUpdate" time="3.130" classname="testSuitTwo.MakeNewOrders"/>
  <testcase name="verifyPopUpMessage" time="6.542" classname="testSuitTwo.MakeNewOrders"/>
  <testcase name="login" time="5.067" classname="testSuitTwo.MakeNewOrders"/>
  <testcase name="AddNewBookToCart" time="5.578" classname="testSuitTwo.MakeNewOrders"/>
  <testcase name="verifyTitleOfTheCart" time="0.022" classname="testSuitTwo.MakeNewOrders"/>
  <testcase name="clickOnTheCheckOut" time="0.476" classname="testSuitTwo.MakeNewOrders"/>
  <testcase name="clickOnTheBook" time="2.078" classname="testSuitTwo.MakeNewOrders"/>
  <testcase name="verifySubtotalAndTotalAmount" time="0.168" classname="testSuitTwo.MakeNewOrders"/>
  <testcase name="completeOrder" time="10.380" classname="testSuitTwo.MakeNewOrders"/>
  <testcase name="MouseOverOnShoppingCart" time="5.027" classname="testSuitTwo.MakeNewOrders"/>
  <testcase name="verifyTheShoppingCartUpdateDetails" time="3.096" classname="testSuitTwo.MakeNewOrders"/>
</testsuite> <!-- testSuitTwo.MakeNewOrders -->
